<?xml version="1.0" encoding="UTF-8"?>
<!-- Generated by org.testng.reporters.JUnitReportReporter -->
<testsuite name="jhenkinpackage.jhenkindemoclass" tests="1" time="21.698" ignored="0" failures="0" timestamp="24 Feb 2018 12:53:51 GMT" skipped="0" hostname="user-PC" errors="0">
  <testcase name="demojhenkin" time="21.698" classname="jhenkinpackage.jhenkindemoclass"/>
</testsuite> <!-- jhenkinpackage.jhenkindemoclass -->
