<?xml version="1.0" encoding="UTF-8"?>
<!-- Generated by org.testng.reporters.JUnitReportReporter -->
<testsuite name="jhenkinpackage.Dbconnect" tests="1" time="4.486" ignored="1" failures="0" timestamp="02 Apr 2017 14:19:19 GMT" skipped="0" hostname="user-PC" errors="0">
  <testcase name="testdb" time="4.486" classname="jhenkinpackage.Dbconnect"/>
  <testcase name="ddt" classname="jhenkinpackage.Dbconnect">
    <skipped/>
  </testcase> <!-- ddt -->
</testsuite> <!-- jhenkinpackage.Dbconnect -->
