<?xml version="1.0" encoding="UTF-8"?>
<!-- Generated by org.testng.reporters.JUnitReportReporter -->
<testsuite name="jhenkinpackage.jhenkindemoclass" tests="1" time="13.548" ignored="0" failures="0" timestamp="23 Feb 2018 20:40:43 GMT" skipped="0" hostname="user-PC" errors="0">
  <testcase name="demojhenkin" time="13.548" classname="jhenkinpackage.jhenkindemoclass"/>
</testsuite> <!-- jhenkinpackage.jhenkindemoclass -->
